# JRE version: Java(TM) SE Runtime Environment (8.0_51-b16) (build 1.8.0_51-b16)
# Java VM: Java HotSpot(TM) 64-Bit Server VM (25.51-b03 mixed mode linux-amd64 compressed oops)
Heap:
 PSYoungGen      total 250368K, used 0K [0x00000000eab00000, 0x0000000100000000, 0x0000000100000000)
  eden space 191488K, 0% used [0x00000000eab00000,0x00000000eab00000,0x00000000f6600000)
  from space 58880K, 0% used [0x00000000f6600000,0x00000000f6600000,0x00000000f9f80000)
  to   space 83968K, 0% used [0x00000000fae00000,0x00000000fae00000,0x0000000100000000)
 ParOldGen       total 323584K, used 239579K [0x00000000c0000000, 0x00000000d3c00000, 0x00000000eab00000)
  object space 323584K, 74% used [0x00000000c0000000,0x00000000ce9f6d98,0x00000000d3c00000)
 Metaspace       used 32530K, capacity 33654K, committed 33920K, reserved 1079296K
  class space    used 3740K, capacity 4211K, committed 4224K, reserved 1048576K
GC Heap History (10 events):
Event: 29.305 GC heap after
Heap after GC invocations=17 (full 3):
 PSYoungGen      total 273408K, used 50392K [0x00000000eab00000, 0x0000000100000000, 0x0000000100000000)
  eden space 207872K, 0% used [0x00000000eab00000,0x00000000eab00000,0x00000000f7600000)
  from space 65536K, 76% used [0x00000000fc000000,0x00000000ff136030,0x0000000100000000)
  to   space 70656K, 0% used [0x00000000f7600000,0x00000000f7600000,0x00000000fbb00000)
 ParOldGen       total 206336K, used 143516K [0x00000000c0000000, 0x00000000cc980000, 0x00000000eab00000)
  object space 206336K, 69% used [0x00000000c0000000,0x00000000c8c271b0,0x00000000cc980000)
 Metaspace       used 28515K, capacity 29492K, committed 29824K, reserved 1075200K
  class space    used 3391K, capacity 3846K, committed 3968K, reserved 1048576K
}
Event: 30.182 GC heap before
{Heap before GC invocations=18 (full 3):
 PSYoungGen      total 273408K, used 258264K [0x00000000eab00000, 0x0000000100000000, 0x0000000100000000)
  eden space 207872K, 100% used [0x00000000eab00000,0x00000000f7600000,0x00000000f7600000)
  from space 65536K, 76% used [0x00000000fc000000,0x00000000ff136030,0x0000000100000000)
  to   space 70656K, 0% used [0x00000000f7600000,0x00000000f7600000,0x00000000fbb00000)
 ParOldGen       total 206336K, used 143516K [0x00000000c0000000, 0x00000000cc980000, 0x00000000eab00000)
  object space 206336K, 69% used [0x00000000c0000000,0x00000000c8c271b0,0x00000000cc980000)
 Metaspace       used 29457K, capacity 30540K, committed 30592K, reserved 1075200K
  class space    used 3446K, capacity 3918K, committed 3968K, reserved 1048576K
Event: 30.391 GC heap after
Heap after GC invocations=18 (full 3):
 PSYoungGen      total 259584K, used 51498K [0x00000000eab00000, 0x0000000100000000, 0x0000000100000000)
  eden space 207872K, 0% used [0x00000000eab00000,0x00000000eab00000,0x00000000f7600000)
  from space 51712K, 99% used [0x00000000f7600000,0x00000000fa84aaf0,0x00000000fa880000)
  to   space 75264K, 0% used [0x00000000fb680000,0x00000000fb680000,0x0000000100000000)
 ParOldGen       total 206336K, used 194154K [0x00000000c0000000, 0x00000000cc980000, 0x00000000eab00000)
  object space 206336K, 94% used [0x00000000c0000000,0x00000000cbd9aac0,0x00000000cc980000)
 Metaspace       used 29457K, capacity 30540K, committed 30592K, reserved 1075200K
  class space    used 3446K, capacity 3918K, committed 3968K, reserved 1048576K
}
Event: 30.391 GC heap before
{Heap before GC invocations=19 (full 4):
 PSYoungGen      total 259584K, used 51498K [0x00000000eab00000, 0x0000000100000000, 0x0000000100000000)
  eden space 207872K, 0% used [0x00000000eab00000,0x00000000eab00000,0x00000000f7600000)
  from space 51712K, 99% used [0x00000000f7600000,0x00000000fa84aaf0,0x00000000fa880000)
  to   space 75264K, 0% used [0x00000000fb680000,0x00000000fb680000,0x0000000100000000)
 ParOldGen       total 206336K, used 194154K [0x00000000c0000000, 0x00000000cc980000, 0x00000000eab00000)
  object space 206336K, 94% used [0x00000000c0000000,0x00000000cbd9aac0,0x00000000cc980000)
 Metaspace       used 29457K, capacity 30540K, committed 30592K, reserved 1075200K
  class space    used 3446K, capacity 3918K, committed 3968K, reserved 1048576K
Event: 31.307 GC heap after
Heap after GC invocations=19 (full 4):
 PSYoungGen      total 259584K, used 46608K [0x00000000eab00000, 0x0000000100000000, 0x0000000100000000)
  eden space 207872K, 0% used [0x00000000eab00000,0x00000000eab00000,0x00000000f7600000)
  from space 51712K, 90% used [0x00000000f7600000,0x00000000fa384070,0x00000000fa880000)
  to   space 75264K, 0% used [0x00000000fb680000,0x00000000fb680000,0x0000000100000000)
 ParOldGen       total 323584K, used 195761K [0x00000000c0000000, 0x00000000d3c00000, 0x00000000eab00000)
  object space 323584K, 60% used [0x00000000c0000000,0x00000000cbf2c668,0x00000000d3c00000)
 Metaspace       used 29457K, capacity 30540K, committed 30592K, reserved 1075200K
  class space    used 3446K, capacity 3918K, committed 3968K, reserved 1048576K
}
Event: 34.118 GC heap before
{Heap before GC invocations=20 (full 4):
 PSYoungGen      total 259584K, used 254480K [0x00000000eab00000, 0x0000000100000000, 0x0000000100000000)
  eden space 207872K, 100% used [0x00000000eab00000,0x00000000f7600000,0x00000000f7600000)
  from space 51712K, 90% used [0x00000000f7600000,0x00000000fa384070,0x00000000fa880000)
  to   space 75264K, 0% used [0x00000000fb680000,0x00000000fb680000,0x0000000100000000)
 ParOldGen       total 323584K, used 195761K [0x00000000c0000000, 0x00000000d3c00000, 0x00000000eab00000)
  object space 323584K, 60% used [0x00000000c0000000,0x00000000cbf2c668,0x00000000d3c00000)
 Metaspace       used 29703K, capacity 30786K, committed 30848K, reserved 1077248K
  class space    used 3462K, capacity 3927K, committed 3968K, reserved 1048576K
Event: 34.380 GC heap after
Heap after GC invocations=20 (full 4):
 PSYoungGen      total 266752K, used 51568K [0x00000000eab00000, 0x0000000100000000, 0x0000000100000000)
  eden space 191488K, 0% used [0x00000000eab00000,0x00000000eab00000,0x00000000f6600000)
  from space 75264K, 68% used [0x00000000fb680000,0x00000000fe8dc360,0x0000000100000000)
  to   space 78848K, 0% used [0x00000000f6600000,0x00000000f6600000,0x00000000fb300000)
 ParOldGen       total 323584K, used 239820K [0x00000000c0000000, 0x00000000d3c00000, 0x00000000eab00000)
  object space 323584K, 74% used [0x00000000c0000000,0x00000000cea33350,0x00000000d3c00000)
 Metaspace       used 29703K, capacity 30786K, committed 30848K, reserved 1077248K
  class space    used 3462K, capacity 3927K, committed 3968K, reserved 1048576K
}
Event: 53.326 GC heap before
{Heap before GC invocations=21 (full 4):
 PSYoungGen      total 266752K, used 243056K [0x00000000eab00000, 0x0000000100000000, 0x0000000100000000)
  eden space 191488K, 100% used [0x00000000eab00000,0x00000000f6600000,0x00000000f6600000)
  from space 75264K, 68% used [0x00000000fb680000,0x00000000fe8dc360,0x0000000100000000)
  to   space 78848K, 0% used [0x00000000f6600000,0x00000000f6600000,0x00000000fb300000)
 ParOldGen       total 323584K, used 239820K [0x00000000c0000000, 0x00000000d3c00000, 0x00000000eab00000)
  object space 323584K, 74% used [0x00000000c0000000,0x00000000cea33350,0x00000000d3c00000)
 Metaspace       used 32530K, capacity 33654K, committed 33920K, reserved 1079296K
  class space    used 3740K, capacity 4211K, committed 4224K, reserved 1048576K
Event: 53.485 GC heap after
Heap after GC invocations=21 (full 4):
 PSYoungGen      total 250368K, used 58639K [0x00000000eab00000, 0x0000000100000000, 0x0000000100000000)
  eden space 191488K, 0% used [0x00000000eab00000,0x00000000eab00000,0x00000000f6600000)
  from space 58880K, 99% used [0x00000000f6600000,0x00000000f9f43e18,0x00000000f9f80000)
  to   space 83968K, 0% used [0x00000000fae00000,0x00000000fae00000,0x0000000100000000)
 ParOldGen       total 323584K, used 290741K [0x00000000c0000000, 0x00000000d3c00000, 0x00000000eab00000)
  object space 323584K, 89% used [0x00000000c0000000,0x00000000d1bed5b8,0x00000000d3c00000)
 Metaspace       used 32530K, capacity 33654K, committed 33920K, reserved 1079296K
  class space    used 3740K, capacity 4211K, committed 4224K, reserved 1048576K
}
Event: 53.486 GC heap before
{Heap before GC invocations=22 (full 5):
 PSYoungGen      total 250368K, used 58639K [0x00000000eab00000, 0x0000000100000000, 0x0000000100000000)
  eden space 191488K, 0% used [0x00000000eab00000,0x00000000eab00000,0x00000000f6600000)
  from space 58880K, 99% used [0x00000000f6600000,0x00000000f9f43e18,0x00000000f9f80000)
  to   space 83968K, 0% used [0x00000000fae00000,0x00000000fae00000,0x0000000100000000)
 ParOldGen       total 323584K, used 290741K [0x00000000c0000000, 0x00000000d3c00000, 0x00000000eab00000)
  object space 323584K, 89% used [0x00000000c0000000,0x00000000d1bed5b8,0x00000000d3c00000)
 Metaspace       used 32530K, capacity 33654K, committed 33920K, reserved 1079296K
  class space    used 3740K, capacity 4211K, committed 4224K, reserved 1048576K

